<?xml version="1.0" encoding="UTF-8"?>
<!-- Generated by org.testng.reporters.JUnitXMLReporter -->
<testsuite ignored="0" hostname="DESKTOP-1JREN33" failures="0" tests="0" time="0.053" errors="0" timestamp="2023-05-28T07:11:08 IST">
  <testcase classname="com.TestNG.ParallelTestAmazon" name="@BeforeTest setUpChrome" time="-1.68523806869E9">
    <failure type="org.testng.TestNGException" message="
Parameter &amp;apos;browserName&amp;apos; is required by BeforeTest on method setUpChrome but has not been marked @Optional or defined
in C:\Users\kalai\Green Practice\Adactin_Hotel_Mini\ParallelAmazon.xml">
      <![CDATA[org.testng.TestNGException: 
Parameter 'browserName' is required by BeforeTest on method setUpChrome but has not been marked @Optional or defined
in C:\Users\kalai\Green Practice\Adactin_Hotel_Mini\ParallelAmazon.xml
at java.base/java.util.concurrent.FutureTask.run(FutureTask.java:264)
at java.base/java.util.concurrent.ThreadPoolExecutor.runWorker(ThreadPoolExecutor.java:1136)
at java.base/java.util.concurrent.ThreadPoolExecutor$Worker.run(ThreadPoolExecutor.java:635)
at java.base/java.lang.Thread.run(Thread.java:833)
... Removed 12 stack frames]]>
    </failure>
  </testcase> <!-- @BeforeTest setUpChrome -->
</testsuite>
